**********************
Windows PowerShell transcript start
Start time: 20260313073648
Username: NEOHMLABS\aadit
RunAs User: NEOHMLABS\aadit
Configuration Name: 
Machine: NEOHMLABS (Microsoft Windows NT 10.0.26200.0)
Host Application: C:\WINDOWS\System32\WindowsPowerShell\v1.0\powershell.exe -ExecutionPolicy Bypass -File D:\AthenaPlayground\AthenaV5\Finetune\run_training.ps1
Process ID: 31032
PSVersion: 5.1.26100.7920
PSEdition: Desktop
PSCompatibleVersions: 1.0, 2.0, 3.0, 4.0, 5.0, 5.1.26100.7920
BuildVersion: 10.0.26100.7920
CLRVersion: 4.0.30319.42000
WSManStackVersion: 3.0
PSRemotingProtocolVersion: 2.3
SerializationVersion: 1.1.0.1
**********************
training_meta=D:\AthenaPlayground\AthenaV5\Finetune\runs\athena_history_4b_dataset1_qlora_adapter\train_20260313_073648.meta.json
training_log=D:\AthenaPlayground\AthenaV5\Finetune\runs\athena_history_4b_dataset1_qlora_adapter\train_20260313_073648.log
training_card=D:\AthenaPlayground\AthenaV5\Finetune\output\Athena_History_4B_dataset1_qlora_adapter\FINETUNE_CARD.md

**********************
Windows PowerShell transcript end
End time: 20260313075846
**********************
