**********************
Windows PowerShell transcript start
Start time: 20260313090410
Username: NEOHMLABS\aadit
RunAs User: NEOHMLABS\aadit
Configuration Name: 
Machine: NEOHMLABS (Microsoft Windows NT 10.0.26200.0)
Host Application: C:\WINDOWS\System32\WindowsPowerShell\v1.0\powershell.exe -noexit -command try { . "c:\Users\aadit\AppData\Local\Programs\Microsoft VS Code\ce099c1ed2\resources\app\out\vs\workbench\contrib\terminal\common\scripts\shellIntegration.ps1" } catch {}
Process ID: 28364
PSVersion: 5.1.26100.7920
PSEdition: Desktop
PSCompatibleVersions: 1.0, 2.0, 3.0, 4.0, 5.0, 5.1.26100.7920
BuildVersion: 10.0.26100.7920
CLRVersion: 4.0.30319.42000
WSManStackVersion: 3.0
PSRemotingProtocolVersion: 2.3
SerializationVersion: 1.1.0.1
**********************
training_meta=D:\AthenaPlayground\AthenaV5\Finetune\runs\athena_history_4b_full_dataset1\train_20260313_090409.meta.json
training_log=D:\AthenaPlayground\AthenaV5\Finetune\runs\athena_history_4b_full_dataset1\train_20260313_090409.log
training_card=D:\AthenaPlayground\AthenaV5\models\tuned\Athena_History_4B_full_dataset1\FINETUNE_CARD.md
{'loss': '0', 'grad_norm': '0', 'learning_rate': '5e-06', 'epoch': '0.73'}
{'loss': '0', 'grad_norm': '0', 'learning_rate': '5e-06', 'epoch': '0.74'}
{'loss': '0', 'grad_norm': '0', 'learning_rate': '5e-06', 'epoch': '0.75'}
{'loss': '0', 'grad_norm': '0', 'learning_rate': '5e-06', 'epoch': '0.76'}
{'loss': '0', 'grad_norm': '0', 'learning_rate': '5e-06', 'epoch': '0.77'}
{'loss': '0', 'grad_norm': '0', 'learning_rate': '5e-06', 'epoch': '0.78'}
{'loss': '0', 'grad_norm': '0', 'learning_rate': '5e-06', 'epoch': '0.79'}
{'loss': '0', 'grad_norm': '0', 'learning_rate': '5e-06', 'epoch': '0.8'}
{'loss': '0', 'grad_norm': '0', 'learning_rate': '5e-06', 'epoch': '0.81'}
{'loss': '0', 'grad_norm': '0', 'learning_rate': '5e-06', 'epoch': '0.82'}
{'loss': '0', 'grad_norm': '0', 'learning_rate': '5e-06', 'epoch': '0.83'}
{'loss': '0', 'grad_norm': '0', 'learning_rate': '5e-06', 'epoch': '0.84'}
{'loss': '0', 'grad_norm': '0', 'learning_rate': '5e-06', 'epoch': '0.85'}
{'loss': '0', 'grad_norm': '0', 'learning_rate': '5e-06', 'epoch': '0.86'}
{'loss': '0', 'grad_norm': '0', 'learning_rate': '5e-06', 'epoch': '0.87'}
{'loss': '0', 'grad_norm': '0', 'learning_rate': '5e-06', 'epoch': '0.88'}
{'loss': '0', 'grad_norm': '0', 'learning_rate': '5e-06', 'epoch': '0.89'}
{'loss': '0', 'grad_norm': '0', 'learning_rate': '5e-06', 'epoch': '0.9'}
{'loss': '0', 'grad_norm': '0', 'learning_rate': '5e-06', 'epoch': '0.91'}
{'loss': '0', 'grad_norm': '0', 'learning_rate': '5e-06', 'epoch': '0.92'}
{'loss': '0', 'grad_norm': '0', 'learning_rate': '5e-06', 'epoch': '0.93'}
{'loss': '0', 'grad_norm': '0', 'learning_rate': '5e-06', 'epoch': '0.94'}
{'loss': '0', 'grad_norm': '0', 'learning_rate': '5e-06', 'epoch': '0.95'}
{'loss': '0', 'grad_norm': '0', 'learning_rate': '5e-06', 'epoch': '0.96'}
{'loss': '0', 'grad_norm': '0', 'learning_rate': '5e-06', 'epoch': '0.97'}
{'loss': '0', 'grad_norm': '0', 'learning_rate': '5e-06', 'epoch': '0.98'}
{'loss': '0', 'grad_norm': '0', 'learning_rate': '5e-06', 'epoch': '0.99'}
{'loss': '0', 'grad_norm': '0', 'learning_rate': '5e-06', 'epoch': '1'}
Writing model shards: 100%|█████████████████████████████████████████████████| 1/1 [00:25<00:00, 25.68s/it]
{'train_runtime': '8556', 'train_samples_per_second': '0.012', 'train_steps_per_second': '0.012', 'train_lo
ss': '0.09792', 'epoch': '1'}
100%|█████████████████████████████████████████████████████████████████| 100/100 [2:22:36<00:00, 85.56s/it]
Writing model shards: 100%|█████████████████████████████████████████████████| 1/1 [00:23<00:00, 23.98s/it]
**********************
Windows PowerShell transcript end
End time: 20260313112724
**********************
