**********************
Windows PowerShell transcript start
Start time: 20260313085102
Username: NEOHMLABS\aadit
RunAs User: NEOHMLABS\aadit
Configuration Name: 
Machine: NEOHMLABS (Microsoft Windows NT 10.0.26200.0)
Host Application: C:\WINDOWS\System32\WindowsPowerShell\v1.0\powershell.exe -noexit -command try { . "c:\Users\aadit\AppData\Local\Programs\Microsoft VS Code\ce099c1ed2\resources\app\out\vs\workbench\contrib\terminal\common\scripts\shellIntegration.ps1" } catch {}
Process ID: 20004
PSVersion: 5.1.26100.7920
PSEdition: Desktop
PSCompatibleVersions: 1.0, 2.0, 3.0, 4.0, 5.0, 5.1.26100.7920
BuildVersion: 10.0.26100.7920
CLRVersion: 4.0.30319.42000
WSManStackVersion: 3.0
PSRemotingProtocolVersion: 2.3
SerializationVersion: 1.1.0.1
**********************
training_meta=D:\AthenaPlayground\AthenaV5\Finetune\runs\athena_history_4b_full_dataset1\train_20260313_085102.meta.json
training_log=D:\AthenaPlayground\AthenaV5\Finetune\runs\athena_history_4b_full_dataset1\train_20260313_085102.log
training_card=D:\AthenaPlayground\AthenaV5\models\tuned\Athena_History_4B_full_dataset1\FINETUNE_CARD.md
