**********************
Windows PowerShell transcript start
Start time: 20260313051918
Username: NEOHMLABS\aadit
RunAs User: NEOHMLABS\aadit
Configuration Name: 
Machine: NEOHMLABS (Microsoft Windows NT 10.0.26200.0)
Host Application: C:\WINDOWS\System32\WindowsPowerShell\v1.0\powershell.exe -NoProfile -ExecutionPolicy Bypass -Command Import-Module 'c:\Users\aadit\.vscode\extensions\ms-vscode.powershell-2025.4.0\modules\PowerShellEditorServices\PowerShellEditorServices.psd1'; Start-EditorServices -HostName 'Visual Studio Code Host' -HostProfileId 'Microsoft.VSCode' -HostVersion '2025.4.0' -BundledModulesPath 'c:\Users\aadit\.vscode\extensions\ms-vscode.powershell-2025.4.0\modules' -EnableConsoleRepl -StartupBanner "PowerShell Extension v2025.4.0
Copyright (c) Microsoft Corporation.

https://aka.ms/vscode-powershell
Type 'help' to get help.
" -LogLevel 'Warning' -LogPath 'c:\Users\aadit\AppData\Roaming\Code\logs\20260313T041341\window1\exthost\ms-vscode.powershell' -SessionDetailsPath 'c:\Users\aadit\AppData\Roaming\Code\User\globalStorage\ms-vscode.powershell\sessions\PSES-VSCode-13964-321272.json' -FeatureFlags @() 
Process ID: 29620
PSVersion: 5.1.26100.7920
PSEdition: Desktop
PSCompatibleVersions: 1.0, 2.0, 3.0, 4.0, 5.0, 5.1.26100.7920
BuildVersion: 10.0.26100.7920
CLRVersion: 4.0.30319.42000
WSManStackVersion: 3.0
PSRemotingProtocolVersion: 2.3
SerializationVersion: 1.1.0.1
**********************
training_meta=D:\AthenaPlayground\AthenaV5\Finetune\runs\aen_style_4b_dataset0\train_20260313_051915.meta.json
training_log=D:\AthenaPlayground\AthenaV5\Finetune\runs\aen_style_4b_dataset0\train_20260313_051915.log
training_card=N:\AthenaModels\tuned\AEN_Style_4B_dataset0\FINETUNE_CARD.md

**********************
Windows PowerShell transcript end
End time: 20260313051924
**********************
